# Octopus parser started
ExperimentalFeatures = 0		# default
Debug = 0		# default
DebugTrapSignals = 0		# default
ReportMemory = 0		# default
CalculationMode = 5
stdout = "-"		# default
stderr = "-"		# default
WorkDir = "."		# default
FlushMessages = 0		# default
ProfilingMode = 0		# default
FFTOptimize = 1		# default
FFTPreparePlan = 0		# default
UnitsOutput = 1
UnitsXYZFiles = 1		# default
DisableAccel = 1		# default
Dimensions = 3		# default
PseudopotentialAutomaticParameters = 0		# default
PseudopotentialEnergyTolerance = 0.005		# default
PseudopotentialSet = 1		# default
Opened block 'Coordinates'
Coordinates[0][0] = "O"
Coordinates[0][1] = 0
Coordinates[0][2] = -0.553586
Coordinates[0][3] = 0
Coordinates[1][0] = "H"
Coordinates[1][1] = 1.42994
Coordinates[1][2] = 0.553586
Coordinates[1][3] = 0
Coordinates[2][0] = "H"
Coordinates[2][1] = -1.42994
Coordinates[2][2] = 0.553586
Coordinates[2][3] = 0
Closed block 'Coordinates'
SpinComponents = 1		# default
SpeciesProjectorSphereThreshold = 0.001		# default
Splines = 1		# default
SpeciesProjectorSphereThreshold = 0.001		# default
SpeciesTimeDependent = 0		# default
PeriodicDimensions = 0		# default
BoxShape = 3		# default
radius = 10
SymmetriesCompute = 1		# default
KPointsUseSymmetries = 0		# default
KPointsUseTimeReversal = 0		# default
SpinComponents = 1		# default
ExcessCharge = 0		# default
CalcEigenvalues = 1		# default
TotalStates = 0		# default
ExtraStates = 0		# default
ExtraStatesToConverge = 0		# default
StatesBlockSize = 4		# default
OnlyUserDefinedInitialStates = 0		# default
StatesRandomization = 1		# default
RestartFixedOccupations = 0		# default
SmearingFunction = 1		# default
NParticleModelmb = 0		# default
SymmetrizeDensity = 0		# default
ForceComplex = 0		# default
UseFineMesh = 0		# default
Spacing = 0.435
CurvMethod = 1		# default
DerivativesStencil = 1		# default
DerivativesOrder = 4		# default
DoubleGrid = 0		# default
DoubleGridOrder = 9		# default
ParDomains = -1		# default
ParStates = 0		# default
ParKPoints = -1		# default
ParOther = 0		# default
MeshOrder = 1		# default
OperateDouble = 1		# default
OperateComplex = 1		# default
OperateSingle = 0		# default
OperateComplexSingle = 0		# default
NLOperatorCompactBoundaries = 0		# default
Output = 0		# default
OutputLDA_U = 0		# default
OutputInterval = 50		# default
OutputDuringSCF = 0		# default
RestartWriteInterval = 50		# default
Output_KPT = 0		# default
OutputIterDir = "output_iter"		# default
StatesPack = 1		# default
StatesMirror = 0		# default
StatesOrthogonalization = 1		# default
StatesCLDeviceMemory = -512		# default
ELFWithCurrentTerm = 1		# default
PoissonSolver = 8		# default
XCFunctional = 10001		# default
XCKernel = 10001		# default
XCKernelLRCAlpha = 0		# default
XCDensityCorrection = 0		# default
ParallelXC = 1		# default
TheoryLevel = 4		# default
SICCorrection = 1		# default
CurrentDensity = 2		# default
VDWCorrection = 0		# default
ParticleMass = 1		# default
RashbaSpinOrbitCoupling = 0		# default
FilterPotentials = 2		# default
TDDeltaKickTime = 0		# default
TDDeltaStrength = 0		# default
GyromagneticRatio = 2.00232		# default
RelativisticCorrection = 0		# default
IgnoreExternalIons = 0		# default
ForceTotalEnforce = 0		# default
EwaldAlpha = 0.21		# default
GaugeFieldDynamics = 1		# default
GaugeFieldPropagate = 0		# default
GaugeFieldDelay = 0		# default
CalculateSelfInducedMagneticField = 0		# default
AbsorbingBoundaries = 0		# default
DFTULevel = 0		# default
HamiltonianApplyPacked = 1		# default
PCMCalculation = 0		# default
scdm_EXX = 0		# default
TimeZero = 0		# default
FromScratch = 1
GOCenter = 0		# default
GOMethod = 4
GOTolerance = 0.000972345
GOMinimumMove = -1		# default
GOStep = 0.5		# default
GOLineTol = 0.1		# default
GOMaxIter = 200		# default
GOFireMass = 1		# default
GOFireIntegrator = 1		# default
GOObjective = 1		# default
RestartWrite = 1		# default
MaximumIter = 200		# default
ConvEnergy = 0		# default
ConvAbsDens = 0		# default
ConvRelDens = 1e-05		# default
ConvAbsEv = 0		# default
ConvRelEv = 0		# default
ConvForce = 1e-08		# default
ConvEigenError = 0		# default
MixField = 1		# default
MixingScheme = 2		# default
MixingPreconditioner = 0		# default
Mixing = 0.3		# default
MixingResidual = 0.05		# default
MixNumberSteps = 3		# default
MixInterval = 1		# default
Eigensolver = 5		# default
CGOrthogonalizeAll = 0		# default
CGDirection = 1		# default
CGAdditionalTerms = 0		# default
EigensolverTolerance = 1e-06		# default
EigensolverMaxIter = 25		# default
Preconditioner = 1		# default
PreconditionerFilterFactor = 0.5		# default
SubspaceDiagonalization = 1		# default
EigensolverSkipKpoints = 0		# default
SCFinLCAO = 0		# default
SCFCalculateForces = 1		# default
SCFCalculateStress = 0		# default
SCFCalculateDipole = 1		# default
SCFCalculatePartialCharges = 0		# default
LocalMagneticMomentsSphereRadius = 0.904233		# default
LCAOStart = 3		# default
LCAOAlternative = 0		# default
LCAOScaleFactor = 1		# default
LCAOMaximumOrbitalRadius = 20		# default
LCAODimension = 0		# default
