# Octopus parser started
ExperimentalFeatures = 0		# default
Debug = 0		# default
DebugTrapSignals = 0		# default
ReportMemory = 0		# default
CalculationMode = 8
stdout = "-"		# default
stderr = "-"		# default
WorkDir = "."		# default
FlushMessages = 0		# default
ProfilingMode = 0		# default
FFTOptimize = 1		# default
FFTPreparePlan = 0		# default
UnitsOutput = 0
UnitsXYZFiles = 1		# default
DisableAccel = 1		# default
Dimensions = 3		# default
PseudopotentialAutomaticParameters = 0		# default
PseudopotentialEnergyTolerance = 0.005		# default
PseudopotentialSet = 1		# default
Opened block 'Coordinates'
Coordinates[0][0] = "O"
Coordinates[0][1] = 0
Coordinates[0][2] = 0
Coordinates[0][3] = 0.224
Coordinates[1][0] = "H"
Coordinates[1][1] = -0
Coordinates[1][2] = 1.457
Coordinates[1][3] = -0.896
Coordinates[2][0] = "H"
Coordinates[2][1] = -0
Coordinates[2][2] = -1.457
Coordinates[2][3] = -0.896
Closed block 'Coordinates'
SpinComponents = 1		# default
SpeciesProjectorSphereThreshold = 0.001		# default
Splines = 1		# default
SpeciesProjectorSphereThreshold = 0.001		# default
SpeciesTimeDependent = 0		# default
PeriodicDimensions = 0		# default
BoxShape = 3		# default
radius = 10
SymmetriesCompute = 1		# default
KPointsUseSymmetries = 0		# default
KPointsUseTimeReversal = 0		# default
SpinComponents = 1		# default
ExcessCharge = 0		# default
CalcEigenvalues = 1		# default
TotalStates = 0		# default
ExtraStates = 0		# default
ExtraStatesToConverge = 0		# default
StatesBlockSize = 4		# default
OnlyUserDefinedInitialStates = 0		# default
StatesRandomization = 1		# default
RestartFixedOccupations = 0		# default
SmearingFunction = 1		# default
NParticleModelmb = 0		# default
SymmetrizeDensity = 0		# default
ForceComplex = 0		# default
UseFineMesh = 0		# default
Spacing = 0.435
CurvMethod = 1		# default
DerivativesStencil = 1		# default
DerivativesOrder = 4		# default
DoubleGrid = 0		# default
DoubleGridOrder = 9		# default
ParDomains = -1		# default
ParStates = 0		# default
ParKPoints = -1		# default
ParOther = 0		# default
MeshOrder = 1		# default
OperateDouble = 1		# default
OperateComplex = 1		# default
OperateSingle = 0		# default
OperateComplexSingle = 0		# default
NLOperatorCompactBoundaries = 0		# default
Output = 0		# default
OutputLDA_U = 0		# default
OutputInterval = 50		# default
OutputDuringSCF = 0		# default
RestartWriteInterval = 50		# default
Output_KPT = 0		# default
OutputIterDir = "output_iter"		# default
StatesPack = 1		# default
StatesMirror = 0		# default
StatesOrthogonalization = 1		# default
StatesCLDeviceMemory = -512		# default
ELFWithCurrentTerm = 1		# default
PoissonSolver = 8		# default
XCFunctional = 10001		# default
XCKernel = 10001		# default
XCKernelLRCAlpha = 0		# default
XCDensityCorrection = 0		# default
ParallelXC = 1		# default
TheoryLevel = 4		# default
SICCorrection = 1		# default
CurrentDensity = 2		# default
VDWCorrection = 0		# default
ParticleMass = 1		# default
RashbaSpinOrbitCoupling = 0		# default
FilterPotentials = 2		# default
TDDeltaKickTime = 0		# default
TDDeltaStrength = 0		# default
GyromagneticRatio = 2.00232		# default
RelativisticCorrection = 0		# default
IgnoreExternalIons = 0		# default
ForceTotalEnforce = 0		# default
EwaldAlpha = 0.21		# default
GaugeFieldDynamics = 1		# default
GaugeFieldPropagate = 0		# default
GaugeFieldDelay = 0		# default
CalculateSelfInducedMagneticField = 0		# default
AbsorbingBoundaries = 0		# default
DFTULevel = 0		# default
HamiltonianApplyPacked = 1		# default
PCMCalculation = 0		# default
scdm_EXX = 0		# default
TimeZero = 0		# default
FromScratch = 0		# default
ResponseMethod = 1		# default
Opened block 'EMFreqs'
EMFreqs[0][0] = 2
EMFreqs[0][0] = 2
EMFreqs[0][1] = 0.34
EMFreqs[0][2] = 0.35
Closed block 'EMFreqs'
EMFreqsSort = 1		# default
EMEta = 0.00367493
EMPerturbationType = 1		# default
EMCalcRotatoryResponse = 0		# default
EMCalcMagnetooptics = 0		# default
EMMagnetoopticsNoHVar = 1		# default
EMKPointOutput = 0		# default
EMForceNoKdotP = 0		# default
EMCalcBornCharges = 0		# default
EMOccupiedResponse = 0		# default
EMWavefunctionsFromScratch = 0		# default
BornChargeSumRuleCorrection = 1		# default
MixingScheme = 2		# default
MixingPreconditioner = 0		# default
Mixing = 0.3		# default
MixingResidual = 0.05		# default
MixNumberSteps = 3		# default
MixInterval = 1		# default
Preorthogonalization = 1		# default
HamiltonianVariation = 3		# default
LinearSolver = 82		# default
Preconditioner = 1		# default
PreconditionerFilterFactor = 0.5		# default
LinearSolverMaxIter = 1000
LRMaximumIter = 200		# default
LRConvAbsDens = 1e-05		# default
LRConvRelDens = 0		# default
LRTolScheme = 1		# default
LRTolInitTol = 0.01		# default
LRTolFinalTol = 1e-06		# default
LRTolAdaptiveFactor = 0.1		# default
RestartWrite = 1		# default
RestartWrite = 1		# default
# Octopus parser ended
